Task-2-Face-Detection-Using-MLKit-AD-LGM/app/build/intermediates/manifest_merge_blame_file/debug/manifest-merger-blame-debug-report.txt
1<?xml version="1.0" encoding="utf-8"?>
2<manifest xmlns:android="http://schemas.android.com/apk/res/android"
3    package="com.example.facedetectionmlkit"
4    android:versionCode="1"
5    android:versionName="1.0" >
6
7    <uses-sdk
8        android:minSdkVersion="21"
8-->src\main\AndroidManifest.xml
9        android:targetSdkVersion="30" />
9-->src\main\AndroidManifest.xml
10
11    <uses-permission android:name="android.permission.CAMERA" >
11-->src\main\AndroidManifest.xml:4:5-82
11-->src\main\AndroidManifest.xml:4:22-62
12    </uses-permission>
13    <uses-permission android:name="android.permission.WRITE_EXTERNAL_STORAGE" />
13-->[com.wonderkiln:camerakit:0.13.1] AndroidManifest.xml:10:5-81
13-->[com.wonderkiln:camerakit:0.13.1] AndroidManifest.xml:10:22-78
14    <uses-permission android:name="android.permission.RECORD_AUDIO" />
14-->[com.wonderkiln:camerakit:0.13.1] AndroidManifest.xml:12:5-71
14-->[com.wonderkiln:camerakit:0.13.1] AndroidManifest.xml:12:22-68
15
16    <uses-feature android:name="android.hardware.camera" />
16-->[com.wonderkiln:camerakit:0.13.1] AndroidManifest.xml:14:5-60
16-->[com.wonderkiln:camerakit:0.13.1] AndroidManifest.xml:14:19-57
17    <uses-feature
17-->[com.wonderkiln:camerakit:0.13.1] AndroidManifest.xml:15:5-17:36
18        android:name="android.hardware.camera.autofocus"
18-->[com.wonderkiln:camerakit:0.13.1] AndroidManifest.xml:16:9-57
19        android:required="false" />
19-->[com.wonderkiln:camerakit:0.13.1] AndroidManifest.xml:17:9-33
20    <uses-feature
20-->[com.wonderkiln:camerakit:0.13.1] AndroidManifest.xml:18:5-20:36
21        android:name="android.hardware.camera.front"
21-->[com.wonderkiln:camerakit:0.13.1] AndroidManifest.xml:19:9-53
22        android:required="false" />
22-->[com.wonderkiln:camerakit:0.13.1] AndroidManifest.xml:20:9-33
23    <uses-feature
23-->[com.wonderkiln:camerakit:0.13.1] AndroidManifest.xml:21:5-23:36
24        android:name="android.hardware.microphone"
24-->[com.wonderkiln:camerakit:0.13.1] AndroidManifest.xml:22:9-51
25        android:required="false" />
25-->[com.wonderkiln:camerakit:0.13.1] AndroidManifest.xml:23:9-33
26
27    <uses-permission android:name="android.permission.READ_EXTERNAL_STORAGE" />
28    <uses-permission android:name="android.permission.INTERNET" />
28-->[com.google.firebase:firebase-measurement-connector-impl:17.0.1] AndroidManifest.xml:22:5-67
28-->[com.google.firebase:firebase-measurement-connector-impl:17.0.1] AndroidManifest.xml:22:22-64
29    <uses-permission android:name="android.permission.ACCESS_NETWORK_STATE" />
29-->[com.google.firebase:firebase-measurement-connector-impl:17.0.1] AndroidManifest.xml:23:5-79
29-->[com.google.firebase:firebase-measurement-connector-impl:17.0.1] AndroidManifest.xml:23:22-76
30    <uses-permission android:name="android.permission.WAKE_LOCK" />
30-->[com.google.firebase:firebase-measurement-connector-impl:17.0.1] AndroidManifest.xml:24:5-68
30-->[com.google.firebase:firebase-measurement-connector-impl:17.0.1] AndroidManifest.xml:24:22-65
31    <uses-permission android:name="com.google.android.finsky.permission.BIND_GET_INSTALL_REFERRER_SERVICE" /> <!-- Required by older versions of Google Play services to create IID tokens -->
31-->[com.google.firebase:firebase-analytics:16.0.3] AndroidManifest.xml:26:5-110
31-->[com.google.firebase:firebase-analytics:16.0.3] AndroidManifest.xml:26:22-107
32    <uses-permission android:name="com.google.android.c2dm.permission.RECEIVE" />
32-->[com.google.firebase:firebase-iid:16.0.0] AndroidManifest.xml:26:5-82
32-->[com.google.firebase:firebase-iid:16.0.0] AndroidManifest.xml:26:22-79
33
34    <permission
34-->[com.google.firebase:firebase-iid:16.0.0] AndroidManifest.xml:28:5-30:47
35        android:name="com.example.facedetectionmlkit.permission.C2D_MESSAGE"
35-->[com.google.firebase:firebase-iid:16.0.0] AndroidManifest.xml:29:9-63
36        android:protectionLevel="signature" />
36-->[com.google.firebase:firebase-iid:16.0.0] AndroidManifest.xml:30:9-44
37
38    <uses-permission android:name="com.example.facedetectionmlkit.permission.C2D_MESSAGE" />
38-->[com.google.firebase:firebase-iid:16.0.0] AndroidManifest.xml:32:5-79
38-->[com.google.firebase:firebase-iid:16.0.0] AndroidManifest.xml:32:22-76
39
40    <application
40-->src\main\AndroidManifest.xml:5:5-28:19
41        android:allowBackup="true"
41-->src\main\AndroidManifest.xml:6:9-35
42        android:appComponentFactory="androidx.core.app.CoreComponentFactory"
42-->[androidx.core:core:1.5.0] AndroidManifest.xml:24:18-86
43        android:debuggable="true"
44        android:icon="@drawable/face_recognition"
44-->src\main\AndroidManifest.xml:7:9-50
45        android:label="@string/app_name"
45-->src\main\AndroidManifest.xml:8:9-41
46        android:roundIcon="@mipmap/ic_launcher_round"
46-->src\main\AndroidManifest.xml:9:9-54
47        android:supportsRtl="true"
47-->src\main\AndroidManifest.xml:10:9-35
48        android:testOnly="true"
49        android:theme="@style/Theme.FaceDetectionMLKit" >
49-->src\main\AndroidManifest.xml:11:9-56
50        <activity android:name="com.example.facedetectionmlkit.SplashScreen" >
50-->src\main\AndroidManifest.xml:12:9-18:20
50-->src\main\AndroidManifest.xml:12:19-47
51            <intent-filter>
51-->src\main\AndroidManifest.xml:13:13-17:29
52                <action android:name="android.intent.action.MAIN" />
52-->src\main\AndroidManifest.xml:14:17-69
52-->src\main\AndroidManifest.xml:14:25-66
53
54                <category android:name="android.intent.category.LAUNCHER" />
54-->src\main\AndroidManifest.xml:16:17-77
54-->src\main\AndroidManifest.xml:16:27-74
55            </intent-filter>
56        </activity>
57        <activity android:name="com.example.facedetectionmlkit.MainActivity" >
57-->src\main\AndroidManifest.xml:19:9-23:20
57-->src\main\AndroidManifest.xml:19:19-47
58            <meta-data
58-->src\main\AndroidManifest.xml:20:13-22:40
59                android:name="com.google.firebase.ml.vision.DEPENDENCIES"
59-->src\main\AndroidManifest.xml:21:17-74
60                android:value="face" />
60-->src\main\AndroidManifest.xml:22:17-37
61        </activity>
62
63        <meta-data
63-->src\main\AndroidManifest.xml:25:9-27:57
64            android:name="preloaded_fonts"
64-->src\main\AndroidManifest.xml:26:13-43
65            android:resource="@array/preloaded_fonts" />
65-->src\main\AndroidManifest.xml:27:13-54
66
67        <service android:name="com.google.firebase.components.ComponentDiscoveryService" >
67-->[com.google.firebase:firebase-measurement-connector-impl:17.0.1] AndroidManifest.xml:27:9-31:19
67-->[com.google.firebase:firebase-measurement-connector-impl:17.0.1] AndroidManifest.xml:27:18-89
68            <meta-data
68-->[com.google.firebase:firebase-measurement-connector-impl:17.0.1] AndroidManifest.xml:28:13-30:85
69                android:name="com.google.firebase.components:com.google.firebase.analytics.connector.internal.AnalyticsConnectorRegistrar"
69-->[com.google.firebase:firebase-measurement-connector-impl:17.0.1] AndroidManifest.xml:29:17-139
70                android:value="com.google.firebase.components.ComponentRegistrar" />
70-->[com.google.firebase:firebase-measurement-connector-impl:17.0.1] AndroidManifest.xml:30:17-82
71            <meta-data
71-->[com.google.firebase:firebase-iid:16.0.0] AndroidManifest.xml:36:13-38:85
72                android:name="com.google.firebase.components:com.google.firebase.iid.Registrar"
72-->[com.google.firebase:firebase-iid:16.0.0] AndroidManifest.xml:37:17-96
73                android:value="com.google.firebase.components.ComponentRegistrar" />
73-->[com.google.firebase:firebase-iid:16.0.0] AndroidManifest.xml:38:17-82
74        </service>
75
76        <receiver
76-->[com.google.firebase:firebase-analytics:16.0.3] AndroidManifest.xml:29:9-33:20
77            android:name="com.google.android.gms.measurement.AppMeasurementReceiver"
77-->[com.google.firebase:firebase-analytics:16.0.3] AndroidManifest.xml:30:13-85
78            android:enabled="true"
78-->[com.google.firebase:firebase-analytics:16.0.3] AndroidManifest.xml:31:13-35
79            android:exported="false" >
79-->[com.google.firebase:firebase-analytics:16.0.3] AndroidManifest.xml:32:13-37
80        </receiver>
81        <receiver
81-->[com.google.firebase:firebase-analytics:16.0.3] AndroidManifest.xml:34:9-42:20
82            android:name="com.google.android.gms.measurement.AppMeasurementInstallReferrerReceiver"
82-->[com.google.firebase:firebase-analytics:16.0.3] AndroidManifest.xml:35:13-100
83            android:enabled="true"
83-->[com.google.firebase:firebase-analytics:16.0.3] AndroidManifest.xml:36:13-35
84            android:exported="true"
84-->[com.google.firebase:firebase-analytics:16.0.3] AndroidManifest.xml:37:13-36
85            android:permission="android.permission.INSTALL_PACKAGES" >
85-->[com.google.firebase:firebase-analytics:16.0.3] AndroidManifest.xml:38:13-69
86            <intent-filter>
86-->[com.google.firebase:firebase-analytics:16.0.3] AndroidManifest.xml:39:13-41:29
87                <action android:name="com.android.vending.INSTALL_REFERRER" />
87-->[com.google.firebase:firebase-analytics:16.0.3] AndroidManifest.xml:40:17-79
87-->[com.google.firebase:firebase-analytics:16.0.3] AndroidManifest.xml:40:25-76
88            </intent-filter>
89        </receiver>
90
91        <service
91-->[com.google.firebase:firebase-analytics:16.0.3] AndroidManifest.xml:44:9-47:40
92            android:name="com.google.android.gms.measurement.AppMeasurementService"
92-->[com.google.firebase:firebase-analytics:16.0.3] AndroidManifest.xml:45:13-84
93            android:enabled="true"
93-->[com.google.firebase:firebase-analytics:16.0.3] AndroidManifest.xml:46:13-35
94            android:exported="false" />
94-->[com.google.firebase:firebase-analytics:16.0.3] AndroidManifest.xml:47:13-37
95        <service
95-->[com.google.firebase:firebase-analytics:16.0.3] AndroidManifest.xml:48:9-52:72
96            android:name="com.google.android.gms.measurement.AppMeasurementJobService"
96-->[com.google.firebase:firebase-analytics:16.0.3] AndroidManifest.xml:49:13-87
97            android:enabled="true"
97-->[com.google.firebase:firebase-analytics:16.0.3] AndroidManifest.xml:50:13-35
98            android:exported="false"
98-->[com.google.firebase:firebase-analytics:16.0.3] AndroidManifest.xml:51:13-37
99            android:permission="android.permission.BIND_JOB_SERVICE" />
99-->[com.google.firebase:firebase-analytics:16.0.3] AndroidManifest.xml:52:13-69
100
101        <receiver
101-->[com.google.firebase:firebase-iid:16.0.0] AndroidManifest.xml:41:9-50:20
102            android:name="com.google.firebase.iid.FirebaseInstanceIdReceiver"
102-->[com.google.firebase:firebase-iid:16.0.0] AndroidManifest.xml:42:13-78
103            android:exported="true"
103-->[com.google.firebase:firebase-iid:16.0.0] AndroidManifest.xml:43:13-36
104            android:permission="com.google.android.c2dm.permission.SEND" >
104-->[com.google.firebase:firebase-iid:16.0.0] AndroidManifest.xml:44:13-73
105            <intent-filter>
105-->[com.google.firebase:firebase-iid:16.0.0] AndroidManifest.xml:45:13-49:29
106                <action android:name="com.google.android.c2dm.intent.RECEIVE" />
106-->[com.google.firebase:firebase-iid:16.0.0] AndroidManifest.xml:46:17-81
106-->[com.google.firebase:firebase-iid:16.0.0] AndroidManifest.xml:46:25-78
107
108                <category android:name="com.example.facedetectionmlkit" />
108-->[com.google.firebase:firebase-iid:16.0.0] AndroidManifest.xml:48:17-61
108-->[com.google.firebase:firebase-iid:16.0.0] AndroidManifest.xml:48:27-58
109            </intent-filter>
110        </receiver>
111        <!--
112             FirebaseInstanceIdService performs security checks at runtime,
113             no need for explicit permissions despite exported="true"
114        -->
115        <service
115-->[com.google.firebase:firebase-iid:16.0.0] AndroidManifest.xml:56:9-62:19
116            android:name="com.google.firebase.iid.FirebaseInstanceIdService"
116-->[com.google.firebase:firebase-iid:16.0.0] AndroidManifest.xml:57:13-77
117            android:exported="true" >
117-->[com.google.firebase:firebase-iid:16.0.0] AndroidManifest.xml:58:13-36
118            <intent-filter android:priority="-500" >
118-->[com.google.firebase:firebase-iid:16.0.0] AndroidManifest.xml:59:13-61:29
118-->[com.google.firebase:firebase-iid:16.0.0] AndroidManifest.xml:59:28-51
119                <action android:name="com.google.firebase.INSTANCE_ID_EVENT" />
119-->[com.google.firebase:firebase-iid:16.0.0] AndroidManifest.xml:60:17-80
119-->[com.google.firebase:firebase-iid:16.0.0] AndroidManifest.xml:60:25-77
120            </intent-filter>
121        </service>
122
123        <activity
123-->[com.google.android.gms:play-services-base:15.0.1] AndroidManifest.xml:23:9-26:75
124            android:name="com.google.android.gms.common.api.GoogleApiActivity"
124-->[com.google.android.gms:play-services-base:15.0.1] AndroidManifest.xml:24:13-79
125            android:exported="false"
125-->[com.google.android.gms:play-services-base:15.0.1] AndroidManifest.xml:25:13-37
126            android:theme="@android:style/Theme.Translucent.NoTitleBar" />
126-->[com.google.android.gms:play-services-base:15.0.1] AndroidManifest.xml:26:13-72
127
128        <provider
128-->[com.google.firebase:firebase-common:16.0.1] AndroidManifest.xml:10:9-14:39
129            android:name="com.google.firebase.provider.FirebaseInitProvider"
129-->[com.google.firebase:firebase-common:16.0.1] AndroidManifest.xml:11:13-77
130            android:authorities="com.example.facedetectionmlkit.firebaseinitprovider"
130-->[com.google.firebase:firebase-common:16.0.1] AndroidManifest.xml:12:13-72
131            android:exported="false"
131-->[com.google.firebase:firebase-common:16.0.1] AndroidManifest.xml:13:13-37
132            android:initOrder="100" />
132-->[com.google.firebase:firebase-common:16.0.1] AndroidManifest.xml:14:13-36
133
134        <meta-data
134-->[com.google.android.gms:play-services-basement:15.0.1] AndroidManifest.xml:23:9-25:69
135            android:name="com.google.android.gms.version"
135-->[com.google.android.gms:play-services-basement:15.0.1] AndroidManifest.xml:24:13-58
136            android:value="@integer/google_play_services_version" />
136-->[com.google.android.gms:play-services-basement:15.0.1] AndroidManifest.xml:25:13-66
137    </application>
138
139</manifest>